\BOOKMARK [0][-]{chapter.1}{概要}{}% 1
\BOOKMARK [1][-]{section.1.1}{扱う方式}{chapter.1}% 2
\BOOKMARK [1][-]{section.1.2}{使用するリポジトリ}{chapter.1}% 3
\BOOKMARK [0][-]{chapter.2}{外部計算機資源をMIntシステムから有効に活用するための手法とは}{}% 4
\BOOKMARK [1][-]{section.2.1}{SSHを利用した遠隔実行}{chapter.2}% 5
\BOOKMARK [2][-]{subsection.2.1.1}{概要}{section.2.1}% 6
\BOOKMARK [2][-]{subsection.2.1.2}{実行のイメージ}{section.2.1}% 7
\BOOKMARK [2][-]{subsection.2.1.3}{システム要件}{section.2.1}% 8
\BOOKMARK [2][-]{subsection.2.1.4}{MInt側詳細}{section.2.1}% 9
\BOOKMARK [2][-]{subsection.2.1.5}{外部計算機資源の詳細}{section.2.1}% 10
\BOOKMARK [2][-]{subsection.2.1.6}{用意されているサンプルワークフロー}{section.2.1}% 11
\BOOKMARK [2][-]{subsection.2.1.7}{外部計算機でのディレクトリ}{section.2.1}% 12
\BOOKMARK [2][-]{subsection.2.1.8}{コマンドの流れ}{section.2.1}% 13
\BOOKMARK [2][-]{subsection.2.1.9}{MIntシステムと送受信されるデータ}{section.2.1}% 14
\BOOKMARK [1][-]{section.2.2}{APIを利用したポーリング方式}{chapter.2}% 15
\BOOKMARK [2][-]{subsection.2.2.1}{概要}{section.2.2}% 16
\BOOKMARK [2][-]{subsection.2.2.2}{実行のイメージ}{section.2.2}% 17
\BOOKMARK [2][-]{subsection.2.2.3}{ポーリングシステムの流れ}{section.2.2}% 18
\BOOKMARK [2][-]{subsection.2.2.4}{システム要件}{section.2.2}% 19
\BOOKMARK [2][-]{subsection.2.2.5}{用意されているサンプルワークフロー}{section.2.2}% 20
\BOOKMARK [2][-]{subsection.2.2.6}{MIntシステムでのディレクトリ}{section.2.2}% 21
\BOOKMARK [2][-]{subsection.2.2.7}{外部計算資源でのディレクトリ}{section.2.2}% 22
\BOOKMARK [2][-]{subsection.2.2.8}{外部計算機でMIntシステムから実行されるプログラム}{section.2.2}% 23
\BOOKMARK [2][-]{subsection.2.2.9}{MIntシステムで送受信されるデータ}{section.2.2}% 24
\BOOKMARK [0][-]{chapter.3}{使用方法}{}% 25
\BOOKMARK [1][-]{section.3.1}{事前決定事項}{chapter.3}% 26
\BOOKMARK [1][-]{section.3.2}{SSH方式}{chapter.3}% 27
\BOOKMARK [2][-]{subsection.3.2.1}{事前準備}{section.3.2}% 28
\BOOKMARK [2][-]{subsection.3.2.2}{MIntシステム側}{section.3.2}% 29
\BOOKMARK [2][-]{subsection.3.2.3}{外部計算機資源側}{section.3.2}% 30
\BOOKMARK [2][-]{subsection.3.2.4}{ワークフローの準備}{section.3.2}% 31
\BOOKMARK [1][-]{section.3.3}{API方式}{chapter.3}% 32
\BOOKMARK [2][-]{subsection.3.3.1}{MIntシステム側}{section.3.3}% 33
\BOOKMARK [2][-]{subsection.3.3.2}{外部計算機資源側}{section.3.3}% 34
\BOOKMARK [2][-]{subsection.3.3.3}{ワークフローの準備}{section.3.3}% 35
\BOOKMARK [1][-]{section.3.4}{秘匿データの扱い}{chapter.3}% 36
\BOOKMARK [0][-]{chapter.4}{API形式を独自実装するための情報}{}% 37
\BOOKMARK [1][-]{section.4.1}{共通}{chapter.4}% 38
\BOOKMARK [1][-]{section.4.2}{リソース}{chapter.4}% 39
\BOOKMARK [2][-]{subsection.4.2.1}{MIntシステム用}{section.4.2}% 40
\BOOKMARK [2][-]{subsection.4.2.2}{外部計算資源用}{section.4.2}% 41
\BOOKMARK [1][-]{section.4.3}{設定}{chapter.4}% 42
\BOOKMARK [1][-]{section.4.4}{エラー情報}{chapter.4}% 43
